16-12-2016 10:32:16 INFO  UserData:20 - Created UserData instance with locale:ru_RU and local time: 10!
16-12-2016 10:32:16 INFO  Greeting:20 - Loading message for day greeting!
16-12-2016 10:47:38 INFO  UserData:20 - Created UserData instance with locale:ru_RU and local time: 10!
16-12-2016 10:47:38 INFO  Greeting:17 - Loading message for morning greeting!
16-12-2016 10:49:46 INFO  UserData:20 - Created UserData instance with locale:ru_RU and local time: 10!
16-12-2016 10:49:46 INFO  Greeting:26 - Loading message for night greeting!
16-12-2016 10:49:46 INFO  Greeting:17 - Loading message for morning greeting!
16-12-2016 10:49:46 INFO  Greeting:23 - Loading message for evening greeting!
16-12-2016 10:49:46 INFO  Greeting:20 - Loading message for day greeting!
16-12-2016 10:51:26 INFO  UserData:20 - Created UserData instance with locale:ru_RU and local time: 10!
16-12-2016 10:51:26 INFO  Greeting:17 - Loading message for morning greeting!
16-12-2016 10:53:24 INFO  ClassPathXmlApplicationContext:456 - Refreshing org.springframework.context.support.ClassPathXmlApplicationContext@39f790: startup date [Fri Dec 16 10:53:24 EET 2016]; root of context hierarchy
16-12-2016 10:53:25 INFO  XmlBeanDefinitionReader:315 - Loading XML bean definitions from class path resource [locale.xml]
16-12-2016 10:53:27 INFO  DefaultListableBeanFactory:555 - Pre-instantiating singletons in org.springframework.beans.factory.support.DefaultListableBeanFactory@1f3ddb1: defining beans [messageSource]; root of factory hierarchy
16-12-2016 10:53:27 INFO  UserData:20 - Created UserData instance with locale:ru_RU and local time: 10!
16-12-2016 10:53:27 INFO  Greeting:32 - Loading message for night greeting!
16-12-2016 10:53:27 INFO  Greeting:22 - Loading message for morning greeting!
16-12-2016 10:55:44 INFO  ClassPathXmlApplicationContext:456 - Refreshing org.springframework.context.support.ClassPathXmlApplicationContext@39f790: startup date [Fri Dec 16 10:55:44 EET 2016]; root of context hierarchy
16-12-2016 10:55:44 INFO  XmlBeanDefinitionReader:315 - Loading XML bean definitions from class path resource [locale.xml]
16-12-2016 10:55:44 INFO  DefaultListableBeanFactory:555 - Pre-instantiating singletons in org.springframework.beans.factory.support.DefaultListableBeanFactory@1f3ddb1: defining beans [messageSource]; root of factory hierarchy
16-12-2016 10:55:45 INFO  UserData:20 - Created UserData instance with locale:ru_RU and local time: 10!
16-12-2016 10:55:45 INFO  Greeting:34 - Loading message for night greeting!
16-12-2016 10:55:45 INFO  Greeting:22 - Loading message for morning greeting!
16-12-2016 11:11:21 INFO  ClassPathXmlApplicationContext:456 - Refreshing org.springframework.context.support.ClassPathXmlApplicationContext@39f790: startup date [Fri Dec 16 11:11:21 EET 2016]; root of context hierarchy
16-12-2016 11:11:21 INFO  XmlBeanDefinitionReader:315 - Loading XML bean definitions from class path resource [locale.xml]
16-12-2016 11:11:22 INFO  DefaultListableBeanFactory:555 - Pre-instantiating singletons in org.springframework.beans.factory.support.DefaultListableBeanFactory@1f3ddb1: defining beans [messageSource]; root of factory hierarchy
16-12-2016 11:11:22 INFO  UserData:20 - Created UserData instance with locale:ru_RU and local time: 11!
16-12-2016 11:11:22 INFO  Greeting:34 - Loading message for night greeting!
16-12-2016 11:11:22 INFO  Greeting:22 - Loading message for morning greeting!
16-12-2016 11:11:22 INFO  Greeting:30 - Loading message for evening greeting!
16-12-2016 11:11:22 INFO  Greeting:26 - Loading message for day greeting!
16-12-2016 11:11:36 INFO  UserData:20 - Created UserData instance with locale:ru_RU and local time: 11!
16-12-2016 11:11:36 INFO  ClassPathXmlApplicationContext:456 - Refreshing org.springframework.context.support.ClassPathXmlApplicationContext@c68d3e: startup date [Fri Dec 16 11:11:36 EET 2016]; root of context hierarchy
16-12-2016 11:11:36 INFO  XmlBeanDefinitionReader:315 - Loading XML bean definitions from class path resource [locale.xml]
16-12-2016 11:11:36 INFO  DefaultListableBeanFactory:555 - Pre-instantiating singletons in org.springframework.beans.factory.support.DefaultListableBeanFactory@109b8da: defining beans [messageSource]; root of factory hierarchy
16-12-2016 11:11:36 INFO  Greeting:26 - Loading message for day greeting!
16-12-2016 12:29:14 INFO  ClassPathXmlApplicationContext:456 - Refreshing org.springframework.context.support.ClassPathXmlApplicationContext@cd8737: startup date [Fri Dec 16 12:29:14 EET 2016]; root of context hierarchy
16-12-2016 12:29:15 INFO  XmlBeanDefinitionReader:315 - Loading XML bean definitions from class path resource [locale.xml]
16-12-2016 12:29:15 INFO  DefaultListableBeanFactory:555 - Pre-instantiating singletons in org.springframework.beans.factory.support.DefaultListableBeanFactory@286778: defining beans [messageSource]; root of factory hierarchy
16-12-2016 12:29:15 INFO  UserData:20 - Created UserData instance with locale:ru_RU and local time: 12!
16-12-2016 12:29:15 INFO  Greeting:33 - Loading message for night greeting!
16-12-2016 12:29:15 INFO  Greeting:22 - Loading message for morning greeting!
16-12-2016 12:29:15 INFO  Greeting:29 - Loading message for evening greeting!
16-12-2016 12:29:15 INFO  Greeting:26 - Loading message for day greeting!
16-12-2016 12:29:15 INFO  UserData:20 - Created UserData instance with locale:ru_RU and local time: 12!
16-12-2016 12:29:15 INFO  UserData:20 - Created UserData instance with locale:ru_RU and local time: 12!
16-12-2016 12:29:15 INFO  UserData:20 - Created UserData instance with locale:ru_RU and local time: 12!
16-12-2016 12:30:04 INFO  ClassPathXmlApplicationContext:456 - Refreshing org.springframework.context.support.ClassPathXmlApplicationContext@cd8737: startup date [Fri Dec 16 12:30:04 EET 2016]; root of context hierarchy
16-12-2016 12:30:04 INFO  XmlBeanDefinitionReader:315 - Loading XML bean definitions from class path resource [locale.xml]
16-12-2016 12:30:05 INFO  DefaultListableBeanFactory:555 - Pre-instantiating singletons in org.springframework.beans.factory.support.DefaultListableBeanFactory@286778: defining beans [messageSource]; root of factory hierarchy
16-12-2016 12:30:05 INFO  UserData:20 - Created UserData instance with locale:ru_RU and local time: 12!
16-12-2016 12:30:05 INFO  Greeting:33 - Loading message for night greeting!
16-12-2016 12:30:05 INFO  Greeting:22 - Loading message for morning greeting!
16-12-2016 12:30:05 INFO  Greeting:29 - Loading message for evening greeting!
16-12-2016 12:30:05 INFO  Greeting:26 - Loading message for day greeting!
16-12-2016 12:30:05 INFO  UserData:20 - Created UserData instance with locale:ru_RU and local time: 12!
16-12-2016 12:30:05 INFO  UserData:20 - Created UserData instance with locale:ru_RU and local time: 12!
16-12-2016 12:30:05 INFO  UserData:20 - Created UserData instance with locale:ru_RU and local time: 12!
16-12-2016 12:32:04 INFO  ClassPathXmlApplicationContext:456 - Refreshing org.springframework.context.support.ClassPathXmlApplicationContext@cd8737: startup date [Fri Dec 16 12:32:04 EET 2016]; root of context hierarchy
16-12-2016 12:32:04 INFO  XmlBeanDefinitionReader:315 - Loading XML bean definitions from class path resource [locale.xml]
16-12-2016 12:32:05 INFO  DefaultListableBeanFactory:555 - Pre-instantiating singletons in org.springframework.beans.factory.support.DefaultListableBeanFactory@286778: defining beans [messageSource]; root of factory hierarchy
16-12-2016 12:32:05 INFO  UserData:20 - Created UserData instance with locale:ru_RU and local time: 12!
16-12-2016 12:32:05 INFO  Greeting:33 - Loading message for night greeting!
16-12-2016 12:32:05 INFO  Greeting:22 - Loading message for morning greeting!
16-12-2016 12:32:05 INFO  Greeting:29 - Loading message for evening greeting!
16-12-2016 12:32:05 INFO  Greeting:26 - Loading message for day greeting!
16-12-2016 12:32:05 INFO  UserData:20 - Created UserData instance with locale:ru_RU and local time: 12!
16-12-2016 12:32:05 INFO  UserData:20 - Created UserData instance with locale:ru_RU and local time: 12!
16-12-2016 12:32:05 INFO  UserData:20 - Created UserData instance with locale:ru_RU and local time: 12!
16-12-2016 12:32:24 INFO  ClassPathXmlApplicationContext:456 - Refreshing org.springframework.context.support.ClassPathXmlApplicationContext@cd8737: startup date [Fri Dec 16 12:32:24 EET 2016]; root of context hierarchy
16-12-2016 12:32:24 INFO  XmlBeanDefinitionReader:315 - Loading XML bean definitions from class path resource [locale.xml]
16-12-2016 12:32:25 INFO  DefaultListableBeanFactory:555 - Pre-instantiating singletons in org.springframework.beans.factory.support.DefaultListableBeanFactory@286778: defining beans [messageSource]; root of factory hierarchy
16-12-2016 12:32:25 INFO  UserData:20 - Created UserData instance with locale:ru_RU and local time: 12!
16-12-2016 12:32:25 INFO  Greeting:33 - Loading message for night greeting!
16-12-2016 12:32:25 INFO  Greeting:22 - Loading message for morning greeting!
16-12-2016 12:32:25 INFO  Greeting:29 - Loading message for evening greeting!
16-12-2016 12:32:25 INFO  Greeting:26 - Loading message for day greeting!
16-12-2016 12:32:25 INFO  UserData:20 - Created UserData instance with locale:ru_RU and local time: 12!
16-12-2016 12:32:25 INFO  UserData:20 - Created UserData instance with locale:ru_RU and local time: 12!
16-12-2016 12:32:25 INFO  UserData:20 - Created UserData instance with locale:ru_RU and local time: 12!
16-12-2016 12:36:53 INFO  ClassPathXmlApplicationContext:456 - Refreshing org.springframework.context.support.ClassPathXmlApplicationContext@cd8737: startup date [Fri Dec 16 12:36:53 EET 2016]; root of context hierarchy
16-12-2016 12:36:53 INFO  XmlBeanDefinitionReader:315 - Loading XML bean definitions from class path resource [locale.xml]
16-12-2016 12:36:54 INFO  DefaultListableBeanFactory:555 - Pre-instantiating singletons in org.springframework.beans.factory.support.DefaultListableBeanFactory@286778: defining beans [messageSource]; root of factory hierarchy
16-12-2016 12:36:54 INFO  UserData:20 - Created UserData instance with locale:ru_RU and local time: 12!
16-12-2016 12:36:54 INFO  Greeting:33 - Loading message for night greeting!
16-12-2016 12:36:54 INFO  Greeting:22 - Loading message for morning greeting!
16-12-2016 12:36:54 INFO  Greeting:29 - Loading message for evening greeting!
16-12-2016 12:36:54 INFO  Greeting:26 - Loading message for day greeting!
16-12-2016 12:36:54 INFO  UserData:20 - Created UserData instance with locale:ru_RU and local time: 12!
16-12-2016 12:36:54 INFO  UserData:20 - Created UserData instance with locale:ru_RU and local time: 12!
16-12-2016 12:36:54 INFO  UserData:20 - Created UserData instance with locale:ru_RU and local time: 12!
16-12-2016 12:49:04 INFO  ClassPathXmlApplicationContext:456 - Refreshing org.springframework.context.support.ClassPathXmlApplicationContext@cd8737: startup date [Fri Dec 16 12:49:04 EET 2016]; root of context hierarchy
16-12-2016 12:49:04 INFO  XmlBeanDefinitionReader:315 - Loading XML bean definitions from class path resource [locale.xml]
16-12-2016 12:49:05 INFO  DefaultListableBeanFactory:555 - Pre-instantiating singletons in org.springframework.beans.factory.support.DefaultListableBeanFactory@286778: defining beans [messageSource]; root of factory hierarchy
16-12-2016 12:49:05 INFO  UserData:20 - Created UserData instance with locale:ru_RU and local time: 12!
16-12-2016 12:49:05 INFO  Greeting:33 - Loading message for night greeting!
16-12-2016 12:49:05 WARN  ResourceBundleMessageSource:223 - ResourceBundle [classpath*:locale\messages] not found for MessageSource: Can't find bundle for base name classpath*:locale\messages, locale en_US
16-12-2016 12:49:05 INFO  Greeting:22 - Loading message for morning greeting!
16-12-2016 12:49:05 WARN  ResourceBundleMessageSource:223 - ResourceBundle [classpath*:locale\messages] not found for MessageSource: Can't find bundle for base name classpath*:locale\messages, locale en_US
16-12-2016 12:49:05 INFO  Greeting:29 - Loading message for evening greeting!
16-12-2016 12:49:05 WARN  ResourceBundleMessageSource:223 - ResourceBundle [classpath*:locale\messages] not found for MessageSource: Can't find bundle for base name classpath*:locale\messages, locale 
16-12-2016 12:49:05 INFO  Greeting:26 - Loading message for day greeting!
16-12-2016 12:49:05 WARN  ResourceBundleMessageSource:223 - ResourceBundle [classpath*:locale\messages] not found for MessageSource: Can't find bundle for base name classpath*:locale\messages, locale 
16-12-2016 12:49:05 INFO  UserData:20 - Created UserData instance with locale:ru_RU and local time: 12!
16-12-2016 12:49:05 INFO  UserData:20 - Created UserData instance with locale:ru_RU and local time: 12!
16-12-2016 12:49:05 INFO  UserData:20 - Created UserData instance with locale:ru_RU and local time: 12!
16-12-2016 13:04:45 INFO  ClassPathXmlApplicationContext:456 - Refreshing org.springframework.context.support.ClassPathXmlApplicationContext@39f790: startup date [Fri Dec 16 13:04:45 EET 2016]; root of context hierarchy
16-12-2016 13:04:45 INFO  XmlBeanDefinitionReader:315 - Loading XML bean definitions from class path resource [locale.xml]
16-12-2016 13:04:45 INFO  DefaultListableBeanFactory:555 - Pre-instantiating singletons in org.springframework.beans.factory.support.DefaultListableBeanFactory@1f3ddb1: defining beans [messageSource]; root of factory hierarchy
16-12-2016 13:04:46 INFO  UserData:20 - Created UserData instance with locale:ru_RU and local time: 13!
16-12-2016 13:06:57 INFO  ClassPathXmlApplicationContext:456 - Refreshing org.springframework.context.support.ClassPathXmlApplicationContext@39f790: startup date [Fri Dec 16 13:06:57 EET 2016]; root of context hierarchy
16-12-2016 13:06:57 INFO  XmlBeanDefinitionReader:315 - Loading XML bean definitions from class path resource [locale.xml]
16-12-2016 13:06:57 INFO  DefaultListableBeanFactory:555 - Pre-instantiating singletons in org.springframework.beans.factory.support.DefaultListableBeanFactory@1f3ddb1: defining beans [messageSource]; root of factory hierarchy
16-12-2016 13:06:58 INFO  UserData:20 - Created UserData instance with locale:ru_RU and local time: 13!
16-12-2016 13:06:58 INFO  Greeting:33 - Loading message for night greeting!
16-12-2016 13:06:58 INFO  Greeting:22 - Loading message for morning greeting!
16-12-2016 13:06:58 INFO  Greeting:29 - Loading message for evening greeting!
16-12-2016 13:06:58 INFO  Greeting:26 - Loading message for day greeting!
16-12-2016 13:07:38 INFO  ClassPathXmlApplicationContext:456 - Refreshing org.springframework.context.support.ClassPathXmlApplicationContext@39f790: startup date [Fri Dec 16 13:07:38 EET 2016]; root of context hierarchy
16-12-2016 13:07:39 INFO  XmlBeanDefinitionReader:315 - Loading XML bean definitions from class path resource [locale.xml]
16-12-2016 13:07:39 INFO  DefaultListableBeanFactory:555 - Pre-instantiating singletons in org.springframework.beans.factory.support.DefaultListableBeanFactory@1f3ddb1: defining beans [messageSource]; root of factory hierarchy
16-12-2016 13:07:39 INFO  UserData:20 - Created UserData instance with locale:ru_RU and local time: 13!
16-12-2016 13:07:39 INFO  Greeting:33 - Loading message for night greeting!
16-12-2016 13:07:39 INFO  Greeting:22 - Loading message for morning greeting!
16-12-2016 13:07:39 INFO  Greeting:29 - Loading message for evening greeting!
16-12-2016 13:07:39 INFO  Greeting:26 - Loading message for day greeting!
16-12-2016 13:07:50 INFO  ClassPathXmlApplicationContext:456 - Refreshing org.springframework.context.support.ClassPathXmlApplicationContext@39f790: startup date [Fri Dec 16 13:07:50 EET 2016]; root of context hierarchy
16-12-2016 13:07:51 INFO  XmlBeanDefinitionReader:315 - Loading XML bean definitions from class path resource [locale.xml]
16-12-2016 13:07:51 INFO  DefaultListableBeanFactory:555 - Pre-instantiating singletons in org.springframework.beans.factory.support.DefaultListableBeanFactory@1f3ddb1: defining beans [messageSource]; root of factory hierarchy
16-12-2016 13:07:51 INFO  UserData:20 - Created UserData instance with locale:ru_RU and local time: 13!
16-12-2016 13:07:51 INFO  Greeting:33 - Loading message for night greeting!
16-12-2016 13:07:51 INFO  Greeting:22 - Loading message for morning greeting!
16-12-2016 13:07:51 INFO  Greeting:29 - Loading message for evening greeting!
16-12-2016 13:07:51 INFO  Greeting:26 - Loading message for day greeting!
16-12-2016 13:08:02 INFO  ClassPathXmlApplicationContext:456 - Refreshing org.springframework.context.support.ClassPathXmlApplicationContext@39f790: startup date [Fri Dec 16 13:08:02 EET 2016]; root of context hierarchy
16-12-2016 13:08:02 INFO  XmlBeanDefinitionReader:315 - Loading XML bean definitions from class path resource [locale.xml]
16-12-2016 13:08:02 INFO  DefaultListableBeanFactory:555 - Pre-instantiating singletons in org.springframework.beans.factory.support.DefaultListableBeanFactory@1f3ddb1: defining beans [messageSource]; root of factory hierarchy
16-12-2016 13:08:03 INFO  UserData:20 - Created UserData instance with locale:ru_RU and local time: 13!
16-12-2016 13:08:03 INFO  Greeting:33 - Loading message for night greeting!
16-12-2016 13:08:03 INFO  Greeting:22 - Loading message for morning greeting!
16-12-2016 13:08:03 INFO  Greeting:29 - Loading message for evening greeting!
16-12-2016 13:08:03 INFO  Greeting:26 - Loading message for day greeting!
16-12-2016 13:08:35 INFO  ClassPathXmlApplicationContext:456 - Refreshing org.springframework.context.support.ClassPathXmlApplicationContext@39f790: startup date [Fri Dec 16 13:08:35 EET 2016]; root of context hierarchy
16-12-2016 13:08:35 INFO  XmlBeanDefinitionReader:315 - Loading XML bean definitions from class path resource [locale.xml]
16-12-2016 13:08:36 INFO  DefaultListableBeanFactory:555 - Pre-instantiating singletons in org.springframework.beans.factory.support.DefaultListableBeanFactory@1f3ddb1: defining beans [messageSource]; root of factory hierarchy
16-12-2016 13:08:36 INFO  UserData:20 - Created UserData instance with locale:ru_RU and local time: 13!
16-12-2016 13:08:36 INFO  Greeting:33 - Loading message for night greeting!
16-12-2016 13:08:36 INFO  Greeting:22 - Loading message for morning greeting!
16-12-2016 13:08:36 INFO  Greeting:29 - Loading message for evening greeting!
16-12-2016 13:08:36 INFO  Greeting:26 - Loading message for day greeting!
16-12-2016 13:09:16 INFO  ClassPathXmlApplicationContext:456 - Refreshing org.springframework.context.support.ClassPathXmlApplicationContext@39f790: startup date [Fri Dec 16 13:09:16 EET 2016]; root of context hierarchy
16-12-2016 13:09:16 INFO  XmlBeanDefinitionReader:315 - Loading XML bean definitions from class path resource [locale.xml]
16-12-2016 13:09:16 INFO  DefaultListableBeanFactory:555 - Pre-instantiating singletons in org.springframework.beans.factory.support.DefaultListableBeanFactory@1f3ddb1: defining beans [messageSource]; root of factory hierarchy
16-12-2016 13:09:16 INFO  UserData:20 - Created UserData instance with locale:ru_RU and local time: 13!
16-12-2016 13:09:17 INFO  Greeting:33 - Loading message for night greeting!
16-12-2016 13:09:17 INFO  Greeting:22 - Loading message for morning greeting!
16-12-2016 13:09:17 INFO  Greeting:29 - Loading message for evening greeting!
16-12-2016 13:09:17 INFO  Greeting:26 - Loading message for day greeting!
